Watching for file changes with StatReloader
[20/May/2026 09:04:49] "GET / HTTP/1.1" 200 10271
[20/May/2026 09:05:06] "GET / HTTP/1.1" 200 10271
[20/May/2026 09:05:24] "GET / HTTP/1.1" 200 10271
[20/May/2026 09:05:24] "GET /static/css/app.css HTTP/1.1" 200 17302
[20/May/2026 09:05:24] "GET /static/js/app.js HTTP/1.1" 200 5600
[20/May/2026 09:08:24] "GET / HTTP/1.1" 200 10271
[20/May/2026 09:08:24] "GET /static/css/app.css HTTP/1.1" 304 0
[20/May/2026 09:08:24] "GET /static/js/app.js HTTP/1.1" 304 0
[20/May/2026 09:08:30] "GET / HTTP/1.1" 200 10271
[20/May/2026 09:12:13] "GET /login/ HTTP/1.1" 200 6062
[20/May/2026 09:12:13] "GET /static/css/app.css HTTP/1.1" 304 0
[20/May/2026 09:12:13] "GET /static/js/app.js HTTP/1.1" 304 0
[20/May/2026 09:12:17] "GET /register/ HTTP/1.1" 200 7395
[20/May/2026 09:12:59] "POST /register/ HTTP/1.1" 200 7652
[20/May/2026 09:13:11] "POST /register/ HTTP/1.1" 302 0
[20/May/2026 09:13:11] "GET /dashboard/ HTTP/1.1" 200 8520
Not Found: /api/graficos/ingresos-mensuales/
Not Found: /api/graficos/estado-reservas/
Not Found: /api/graficos/top-vehiculos/
[20/May/2026 09:13:11] "GET /api/graficos/ingresos-mensuales/ HTTP/1.1" 404 12210
[20/May/2026 09:13:11] "GET /api/graficos/estado-reservas/ HTTP/1.1" 404 12201
[20/May/2026 09:13:11] "GET /api/graficos/top-vehiculos/ HTTP/1.1" 404 12195
[20/May/2026 09:13:27] "GET /catalogo/ HTTP/1.1" 200 13703
[20/May/2026 09:13:27] "GET /static/images/placeholder-vehicle.svg HTTP/1.1" 200 993
[20/May/2026 09:13:41] "GET /contratos/ HTTP/1.1" 200 4372
[20/May/2026 09:13:41] "GET /static/css/app.css HTTP/1.1" 304 0
[20/May/2026 09:13:41] "GET /static/js/app.js HTTP/1.1" 304 0
[20/May/2026 09:13:43] "GET /catalogo/ HTTP/1.1" 200 13703
[20/May/2026 09:14:12] "GET /contratos/?vehiculo=1001 HTTP/1.1" 200 4372
[20/May/2026 09:14:15] "GET /dashboard/ HTTP/1.1" 200 7982
Not Found: /api/graficos/estado-reservas/
Not Found: /api/graficos/ingresos-mensuales/
Not Found: /api/graficos/top-vehiculos/
[20/May/2026 09:14:15] "GET /api/graficos/ingresos-mensuales/ HTTP/1.1" 404 12210
[20/May/2026 09:14:15] "GET /api/graficos/estado-reservas/ HTTP/1.1" 404 12201
[20/May/2026 09:14:15] "GET /api/graficos/top-vehiculos/ HTTP/1.1" 404 12195
[20/May/2026 09:14:19] "GET /api/mis-reservas/ HTTP/1.1" 200 4642
[20/May/2026 09:14:23] "GET /catalogo/ HTTP/1.1" 200 13703
[20/May/2026 09:14:24] "GET /dashboard/ HTTP/1.1" 200 7982
Not Found: /api/graficos/estado-reservas/
Not Found: /api/graficos/top-vehiculos/
[20/May/2026 09:14:24] "GET /api/graficos/estado-reservas/ HTTP/1.1" 404 12201
Not Found: /api/graficos/ingresos-mensuales/
[20/May/2026 09:14:24] "GET /api/graficos/top-vehiculos/ HTTP/1.1" 404 12195
[20/May/2026 09:14:24] "GET /api/graficos/ingresos-mensuales/ HTTP/1.1" 404 12210
[20/May/2026 09:14:26] "GET /catalogo/ HTTP/1.1" 200 13703
[20/May/2026 09:15:10] "GET /register/ HTTP/1.1" 200 7395
[20/May/2026 09:15:10] "GET /static/css/app.css HTTP/1.1" 304 0
[20/May/2026 09:15:10] "GET /static/js/app.js HTTP/1.1" 304 0
[20/May/2026 09:15:27] "GET /logout/ HTTP/1.1" 302 0
[20/May/2026 09:15:27] "GET /login/ HTTP/1.1" 200 6559
[20/May/2026 09:15:27] "GET /static/css/app.css HTTP/1.1" 304 0
[20/May/2026 09:15:27] "GET /static/js/app.js HTTP/1.1" 304 0
[20/May/2026 09:15:30] "GET /register/ HTTP/1.1" 200 7395
[20/May/2026 09:16:11] "POST /register/ HTTP/1.1" 200 7689
[20/May/2026 09:17:19] "POST /register/ HTTP/1.1" 200 7969
[20/May/2026 09:17:19] "GET /static/css/app.css HTTP/1.1" 304 0
[20/May/2026 09:17:19] "GET /static/js/app.js HTTP/1.1" 304 0
[20/May/2026 09:17:29] "GET /login/ HTTP/1.1" 200 6062
[20/May/2026 09:18:04] "POST /login/ HTTP/1.1" 200 6261
[20/May/2026 09:20:09] "GET /login/ HTTP/1.1" 200 6062
[20/May/2026 09:20:09] "GET /static/css/app.css HTTP/1.1" 304 0
[20/May/2026 09:20:09] "GET /static/js/app.js HTTP/1.1" 304 0
[20/May/2026 09:20:21] "POST /login/ HTTP/1.1" 200 6261
[20/May/2026 09:30:16] "GET / HTTP/1.1" 200 10271
[20/May/2026 09:30:16] "GET /login/ HTTP/1.1" 200 6062
[20/May/2026 09:30:16] "GET /register/ HTTP/1.1" 200 7395
[20/May/2026 09:30:16] "GET /dashboard/ HTTP/1.1" 302 0
[20/May/2026 09:30:16] "GET /catalogo/ HTTP/1.1" 302 0
[20/May/2026 09:30:16] "GET /contratos/ HTTP/1.1" 302 0
[20/May/2026 09:30:16] "GET /admin/vehiculos/ HTTP/1.1" 302 0
[20/May/2026 09:30:16] "GET /api/admin/vehiculos/ HTTP/1.1" 302 0
Not Found: /mis-reservas/
[20/May/2026 09:30:16] "GET /mis-reservas/ HTTP/1.1" 404 4029
[20/May/2026 09:30:16] "GET /api/mis-reservas/ HTTP/1.1" 302 0
Not Found: /api/graficos/top-vehiculos/
[20/May/2026 09:30:16] "GET /api/graficos/top-vehiculos/ HTTP/1.1" 404 12195
Forbidden: /api/api/graficos/top-vehiculos/
[20/May/2026 09:30:16] "GET /api/api/graficos/top-vehiculos/ HTTP/1.1" 403 51
Not Found: /api/reservas/
[20/May/2026 09:30:17] "GET /api/reservas/ HTTP/1.1" 404 12153
Unauthorized: /api/api/reservas/
[20/May/2026 09:30:17] "GET /api/api/reservas/ HTTP/1.1" 401 55
[20/May/2026 09:30:17] "GET /api/vehiculos/ HTTP/1.1" 200 18
[20/May/2026 09:30:17] "GET /api/categorias/ HTTP/1.1" 200 18
C:\Users\Nlicolas\Documents\Universidad\Semestres\Quinto Semestre\Electiva I - Framework Web\ENTREGA FINAL\GESTION-ALQUILER-VEHICULOS\usuarios\models.py changed, reloading.
Watching for file changes with StatReloader
C:\Users\Nlicolas\Documents\Universidad\Semestres\Quinto Semestre\Electiva I - Framework Web\ENTREGA FINAL\GESTION-ALQUILER-VEHICULOS\project\forms.py changed, reloading.
Watching for file changes with StatReloader
C:\Users\Nlicolas\Documents\Universidad\Semestres\Quinto Semestre\Electiva I - Framework Web\ENTREGA FINAL\GESTION-ALQUILER-VEHICULOS\reservas\models.py changed, reloading.
Watching for file changes with StatReloader
C:\Users\Nlicolas\Documents\Universidad\Semestres\Quinto Semestre\Electiva I - Framework Web\ENTREGA FINAL\GESTION-ALQUILER-VEHICULOS\project\urls.py changed, reloading.
Watching for file changes with StatReloader
Exception in thread django-main-thread:
Traceback (most recent call last):
  File "C:\Users\Nlicolas\AppData\Local\Programs\Python\Python314\Lib\site-packages\django\core\checks\urls.py", line 136, in check_custom_error_handlers
    handler = resolver.resolve_error_handler(status_code)
  File "C:\Users\Nlicolas\AppData\Local\Programs\Python\Python314\Lib\site-packages\django\urls\resolvers.py", line 743, in resolve_error_handler
    callback = getattr(self.urlconf_module, "handler%s" % view_type, None)
                       ^^^^^^^^^^^^^^^^^^^
  File "C:\Users\Nlicolas\AppData\Local\Programs\Python\Python314\Lib\site-packages\django\utils\functional.py", line 47, in __get__
    res = instance.__dict__[self.name] = self.func(instance)
                                         ~~~~~~~~~^^^^^^^^^^
  File "C:\Users\Nlicolas\AppData\Local\Programs\Python\Python314\Lib\site-packages\django\urls\resolvers.py", line 722, in urlconf_module
    return import_module(self.urlconf_name)
  File "C:\Users\Nlicolas\AppData\Local\Programs\Python\Python314\Lib\importlib\__init__.py", line 88, in import_module
    return _bootstrap._gcd_import(name[level:], package, level)
           ~~~~~~~~~~~~~~~~~~~~~~^^^^^^^^^^^^^^^^^^^^^^^^^^^^^^
  File "<frozen importlib._bootstrap>", line 1398, in _gcd_import
  File "<frozen importlib._bootstrap>", line 1371, in _find_and_load
  File "<frozen importlib._bootstrap>", line 1342, in _find_and_load_unlocked
  File "<frozen importlib._bootstrap>", line 938, in _load_unlocked
  File "<frozen importlib._bootstrap_external>", line 759, in exec_module
  File "<frozen importlib._bootstrap>", line 491, in _call_with_frames_removed
  File "C:\Users\Nlicolas\Documents\Universidad\Semestres\Quinto Semestre\Electiva I - Framework Web\ENTREGA FINAL\GESTION-ALQUILER-VEHICULOS\project\urls.py", line 30, in <module>
    path('', include('reservas.mvt_urls')),
             ~~~~~~~^^^^^^^^^^^^^^^^^^^^^
  File "C:\Users\Nlicolas\AppData\Local\Programs\Python\Python314\Lib\site-packages\django\urls\conf.py", line 39, in include
    urlconf_module = import_module(urlconf_module)
  File "C:\Users\Nlicolas\AppData\Local\Programs\Python\Python314\Lib\importlib\__init__.py", line 88, in import_module
    return _bootstrap._gcd_import(name[level:], package, level)
           ~~~~~~~~~~~~~~~~~~~~~~^^^^^^^^^^^^^^^^^^^^^^^^^^^^^^
  File "<frozen importlib._bootstrap>", line 1398, in _gcd_import
  File "<frozen importlib._bootstrap>", line 1371, in _find_and_load
  File "<frozen importlib._bootstrap>", line 1335, in _find_and_load_unlocked
ModuleNotFoundError: No module named 'reservas.mvt_urls'

During handling of the above exception, another exception occurred:

Traceback (most recent call last):
  File "C:\Users\Nlicolas\AppData\Local\Programs\Python\Python314\Lib\threading.py", line 1082, in _bootstrap_inner
    self._context.run(self.run)
    ~~~~~~~~~~~~~~~~~^^^^^^^^^^
  File "C:\Users\Nlicolas\AppData\Local\Programs\Python\Python314\Lib\threading.py", line 1024, in run
    self._target(*self._args, **self._kwargs)
    ~~~~~~~~~~~~^^^^^^^^^^^^^^^^^^^^^^^^^^^^^
  File "C:\Users\Nlicolas\AppData\Local\Programs\Python\Python314\Lib\site-packages\django\utils\autoreload.py", line 64, in wrapper
    fn(*args, **kwargs)
    ~~^^^^^^^^^^^^^^^^^
  File "C:\Users\Nlicolas\AppData\Local\Programs\Python\Python314\Lib\site-packages\django\core\management\commands\runserver.py", line 134, in inner_run
    self.check(**check_kwargs)
    ~~~~~~~~~~^^^^^^^^^^^^^^^^
  File "C:\Users\Nlicolas\AppData\Local\Programs\Python\Python314\Lib\site-packages\django\core\management\base.py", line 496, in check
    all_issues = checks.run_checks(
        app_configs=app_configs,
    ...<2 lines>...
        databases=databases,
    )
  File "C:\Users\Nlicolas\AppData\Local\Programs\Python\Python314\Lib\site-packages\django\core\checks\registry.py", line 89, in run_checks
    new_errors = check(app_configs=app_configs, databases=databases)
  File "C:\Users\Nlicolas\AppData\Local\Programs\Python\Python314\Lib\site-packages\django\core\checks\urls.py", line 138, in check_custom_error_handlers
    path = getattr(resolver.urlconf_module, "handler%s" % status_code)
                   ^^^^^^^^^^^^^^^^^^^^^^^
  File "C:\Users\Nlicolas\AppData\Local\Programs\Python\Python314\Lib\site-packages\django\utils\functional.py", line 47, in __get__
    res = instance.__dict__[self.name] = self.func(instance)
                                         ~~~~~~~~~^^^^^^^^^^
  File "C:\Users\Nlicolas\AppData\Local\Programs\Python\Python314\Lib\site-packages\django\urls\resolvers.py", line 722, in urlconf_module
    return import_module(self.urlconf_name)
  File "C:\Users\Nlicolas\AppData\Local\Programs\Python\Python314\Lib\importlib\__init__.py", line 88, in import_module
    return _bootstrap._gcd_import(name[level:], package, level)
           ~~~~~~~~~~~~~~~~~~~~~~^^^^^^^^^^^^^^^^^^^^^^^^^^^^^^
  File "<frozen importlib._bootstrap>", line 1398, in _gcd_import
  File "<frozen importlib._bootstrap>", line 1371, in _find_and_load
  File "<frozen importlib._bootstrap>", line 1342, in _find_and_load_unlocked
  File "<frozen importlib._bootstrap>", line 938, in _load_unlocked
  File "<frozen importlib._bootstrap_external>", line 759, in exec_module
  File "<frozen importlib._bootstrap>", line 491, in _call_with_frames_removed
  File "C:\Users\Nlicolas\Documents\Universidad\Semestres\Quinto Semestre\Electiva I - Framework Web\ENTREGA FINAL\GESTION-ALQUILER-VEHICULOS\project\urls.py", line 30, in <module>
    path('', include('reservas.mvt_urls')),
             ~~~~~~~^^^^^^^^^^^^^^^^^^^^^
  File "C:\Users\Nlicolas\AppData\Local\Programs\Python\Python314\Lib\site-packages\django\urls\conf.py", line 39, in include
    urlconf_module = import_module(urlconf_module)
  File "C:\Users\Nlicolas\AppData\Local\Programs\Python\Python314\Lib\importlib\__init__.py", line 88, in import_module
    return _bootstrap._gcd_import(name[level:], package, level)
           ~~~~~~~~~~~~~~~~~~~~~~^^^^^^^^^^^^^^^^^^^^^^^^^^^^^^
  File "<frozen importlib._bootstrap>", line 1398, in _gcd_import
  File "<frozen importlib._bootstrap>", line 1371, in _find_and_load
  File "<frozen importlib._bootstrap>", line 1335, in _find_and_load_unlocked
ModuleNotFoundError: No module named 'reservas.mvt_urls'
C:\Users\Nlicolas\Documents\Universidad\Semestres\Quinto Semestre\Electiva I - Framework Web\ENTREGA FINAL\GESTION-ALQUILER-VEHICULOS\project\ui_views.py changed, reloading.
Watching for file changes with StatReloader
Exception in thread django-main-thread:
Traceback (most recent call last):
  File "C:\Users\Nlicolas\AppData\Local\Programs\Python\Python314\Lib\threading.py", line 1082, in _bootstrap_inner
    self._context.run(self.run)
    ~~~~~~~~~~~~~~~~~^^^^^^^^^^
  File "C:\Users\Nlicolas\AppData\Local\Programs\Python\Python314\Lib\threading.py", line 1024, in run
    self._target(*self._args, **self._kwargs)
    ~~~~~~~~~~~~^^^^^^^^^^^^^^^^^^^^^^^^^^^^^
  File "C:\Users\Nlicolas\AppData\Local\Programs\Python\Python314\Lib\site-packages\django\utils\autoreload.py", line 64, in wrapper
    fn(*args, **kwargs)
    ~~^^^^^^^^^^^^^^^^^
  File "C:\Users\Nlicolas\AppData\Local\Programs\Python\Python314\Lib\site-packages\django\core\management\commands\runserver.py", line 134, in inner_run
    self.check(**check_kwargs)
    ~~~~~~~~~~^^^^^^^^^^^^^^^^
  File "C:\Users\Nlicolas\AppData\Local\Programs\Python\Python314\Lib\site-packages\django\core\management\base.py", line 496, in check
    all_issues = checks.run_checks(
        app_configs=app_configs,
    ...<2 lines>...
        databases=databases,
    )
  File "C:\Users\Nlicolas\AppData\Local\Programs\Python\Python314\Lib\site-packages\django\core\checks\registry.py", line 89, in run_checks
    new_errors = check(app_configs=app_configs, databases=databases)
  File "C:\Users\Nlicolas\AppData\Local\Programs\Python\Python314\Lib\site-packages\django\core\checks\urls.py", line 136, in check_custom_error_handlers
    handler = resolver.resolve_error_handler(status_code)
  File "C:\Users\Nlicolas\AppData\Local\Programs\Python\Python314\Lib\site-packages\django\urls\resolvers.py", line 743, in resolve_error_handler
    callback = getattr(self.urlconf_module, "handler%s" % view_type, None)
                       ^^^^^^^^^^^^^^^^^^^
  File "C:\Users\Nlicolas\AppData\Local\Programs\Python\Python314\Lib\site-packages\django\utils\functional.py", line 47, in __get__
    res = instance.__dict__[self.name] = self.func(instance)
                                         ~~~~~~~~~^^^^^^^^^^
  File "C:\Users\Nlicolas\AppData\Local\Programs\Python\Python314\Lib\site-packages\django\urls\resolvers.py", line 722, in urlconf_module
    return import_module(self.urlconf_name)
  File "C:\Users\Nlicolas\AppData\Local\Programs\Python\Python314\Lib\importlib\__init__.py", line 88, in import_module
    return _bootstrap._gcd_import(name[level:], package, level)
           ~~~~~~~~~~~~~~~~~~~~~~^^^^^^^^^^^^^^^^^^^^^^^^^^^^^^
  File "<frozen importlib._bootstrap>", line 1398, in _gcd_import
  File "<frozen importlib._bootstrap>", line 1371, in _find_and_load
  File "<frozen importlib._bootstrap>", line 1342, in _find_and_load_unlocked
  File "<frozen importlib._bootstrap>", line 938, in _load_unlocked
  File "<frozen importlib._bootstrap_external>", line 759, in exec_module
  File "<frozen importlib._bootstrap>", line 491, in _call_with_frames_removed
  File "C:\Users\Nlicolas\Documents\Universidad\Semestres\Quinto Semestre\Electiva I - Framework Web\ENTREGA FINAL\GESTION-ALQUILER-VEHICULOS\project\urls.py", line 35, in <module>
    path('api/', include('reservas.urls')),
                 ~~~~~~~^^^^^^^^^^^^^^^^^
  File "C:\Users\Nlicolas\AppData\Local\Programs\Python\Python314\Lib\site-packages\django\urls\conf.py", line 39, in include
    urlconf_module = import_module(urlconf_module)
  File "C:\Users\Nlicolas\AppData\Local\Programs\Python\Python314\Lib\importlib\__init__.py", line 88, in import_module
    return _bootstrap._gcd_import(name[level:], package, level)
           ~~~~~~~~~~~~~~~~~~~~~~^^^^^^^^^^^^^^^^^^^^^^^^^^^^^^
  File "<frozen importlib._bootstrap>", line 1398, in _gcd_import
  File "<frozen importlib._bootstrap>", line 1371, in _find_and_load
  File "<frozen importlib._bootstrap>", line 1342, in _find_and_load_unlocked
  File "<frozen importlib._bootstrap>", line 938, in _load_unlocked
  File "<frozen importlib._bootstrap_external>", line 759, in exec_module
  File "<frozen importlib._bootstrap>", line 491, in _call_with_frames_removed
  File "C:\Users\Nlicolas\Documents\Universidad\Semestres\Quinto Semestre\Electiva I - Framework Web\ENTREGA FINAL\GESTION-ALQUILER-VEHICULOS\reservas\urls.py", line 8, in <module>
    path("reservas/reporte.pdf", views.reservas_reporte_pdf, name="api_reservas_reporte_pdf"),
                                 ^^^^^^^^^^^^^^^^^^^^^^^^^^
AttributeError: module 'reservas.views' has no attribute 'reservas_reporte_pdf'. Did you mean: 'reserva_contrato_pdf'?
C:\Users\Nlicolas\Documents\Universidad\Semestres\Quinto Semestre\Electiva I - Framework Web\ENTREGA FINAL\GESTION-ALQUILER-VEHICULOS\project\ui_views.py changed, reloading.
Watching for file changes with StatReloader
Exception in thread django-main-thread:
Traceback (most recent call last):
  File "C:\Users\Nlicolas\AppData\Local\Programs\Python\Python314\Lib\threading.py", line 1082, in _bootstrap_inner
    self._context.run(self.run)
    ~~~~~~~~~~~~~~~~~^^^^^^^^^^
  File "C:\Users\Nlicolas\AppData\Local\Programs\Python\Python314\Lib\threading.py", line 1024, in run
    self._target(*self._args, **self._kwargs)
    ~~~~~~~~~~~~^^^^^^^^^^^^^^^^^^^^^^^^^^^^^
  File "C:\Users\Nlicolas\AppData\Local\Programs\Python\Python314\Lib\site-packages\django\utils\autoreload.py", line 64, in wrapper
    fn(*args, **kwargs)
    ~~^^^^^^^^^^^^^^^^^
  File "C:\Users\Nlicolas\AppData\Local\Programs\Python\Python314\Lib\site-packages\django\core\management\commands\runserver.py", line 134, in inner_run
    self.check(**check_kwargs)
    ~~~~~~~~~~^^^^^^^^^^^^^^^^
  File "C:\Users\Nlicolas\AppData\Local\Programs\Python\Python314\Lib\site-packages\django\core\management\base.py", line 496, in check
    all_issues = checks.run_checks(
        app_configs=app_configs,
    ...<2 lines>...
        databases=databases,
    )
  File "C:\Users\Nlicolas\AppData\Local\Programs\Python\Python314\Lib\site-packages\django\core\checks\registry.py", line 89, in run_checks
    new_errors = check(app_configs=app_configs, databases=databases)
  File "C:\Users\Nlicolas\AppData\Local\Programs\Python\Python314\Lib\site-packages\django\core\checks\urls.py", line 136, in check_custom_error_handlers
    handler = resolver.resolve_error_handler(status_code)
  File "C:\Users\Nlicolas\AppData\Local\Programs\Python\Python314\Lib\site-packages\django\urls\resolvers.py", line 743, in resolve_error_handler
    callback = getattr(self.urlconf_module, "handler%s" % view_type, None)
                       ^^^^^^^^^^^^^^^^^^^
  File "C:\Users\Nlicolas\AppData\Local\Programs\Python\Python314\Lib\site-packages\django\utils\functional.py", line 47, in __get__
    res = instance.__dict__[self.name] = self.func(instance)
                                         ~~~~~~~~~^^^^^^^^^^
  File "C:\Users\Nlicolas\AppData\Local\Programs\Python\Python314\Lib\site-packages\django\urls\resolvers.py", line 722, in urlconf_module
    return import_module(self.urlconf_name)
  File "C:\Users\Nlicolas\AppData\Local\Programs\Python\Python314\Lib\importlib\__init__.py", line 88, in import_module
    return _bootstrap._gcd_import(name[level:], package, level)
           ~~~~~~~~~~~~~~~~~~~~~~^^^^^^^^^^^^^^^^^^^^^^^^^^^^^^
  File "<frozen importlib._bootstrap>", line 1398, in _gcd_import
  File "<frozen importlib._bootstrap>", line 1371, in _find_and_load
  File "<frozen importlib._bootstrap>", line 1342, in _find_and_load_unlocked
  File "<frozen importlib._bootstrap>", line 938, in _load_unlocked
  File "<frozen importlib._bootstrap_external>", line 759, in exec_module
  File "<frozen importlib._bootstrap>", line 491, in _call_with_frames_removed
  File "C:\Users\Nlicolas\Documents\Universidad\Semestres\Quinto Semestre\Electiva I - Framework Web\ENTREGA FINAL\GESTION-ALQUILER-VEHICULOS\project\urls.py", line 35, in <module>
    path('api/', include('reservas.urls')),
                 ~~~~~~~^^^^^^^^^^^^^^^^^
  File "C:\Users\Nlicolas\AppData\Local\Programs\Python\Python314\Lib\site-packages\django\urls\conf.py", line 39, in include
    urlconf_module = import_module(urlconf_module)
  File "C:\Users\Nlicolas\AppData\Local\Programs\Python\Python314\Lib\importlib\__init__.py", line 88, in import_module
    return _bootstrap._gcd_import(name[level:], package, level)
           ~~~~~~~~~~~~~~~~~~~~~~^^^^^^^^^^^^^^^^^^^^^^^^^^^^^^
  File "<frozen importlib._bootstrap>", line 1398, in _gcd_import
  File "<frozen importlib._bootstrap>", line 1371, in _find_and_load
  File "<frozen importlib._bootstrap>", line 1342, in _find_and_load_unlocked
  File "<frozen importlib._bootstrap>", line 938, in _load_unlocked
  File "<frozen importlib._bootstrap_external>", line 759, in exec_module
  File "<frozen importlib._bootstrap>", line 491, in _call_with_frames_removed
  File "C:\Users\Nlicolas\Documents\Universidad\Semestres\Quinto Semestre\Electiva I - Framework Web\ENTREGA FINAL\GESTION-ALQUILER-VEHICULOS\reservas\urls.py", line 8, in <module>
    path("reservas/reporte.pdf", views.reservas_reporte_pdf, name="api_reservas_reporte_pdf"),
                                 ^^^^^^^^^^^^^^^^^^^^^^^^^^
AttributeError: module 'reservas.views' has no attribute 'reservas_reporte_pdf'. Did you mean: 'reserva_contrato_pdf'?
C:\Users\Nlicolas\Documents\Universidad\Semestres\Quinto Semestre\Electiva I - Framework Web\ENTREGA FINAL\GESTION-ALQUILER-VEHICULOS\reservas\views.py changed, reloading.
Watching for file changes with StatReloader
C:\Users\Nlicolas\Documents\Universidad\Semestres\Quinto Semestre\Electiva I - Framework Web\ENTREGA FINAL\GESTION-ALQUILER-VEHICULOS\project\forms.py changed, reloading.
Watching for file changes with StatReloader
C:\Users\Nlicolas\Documents\Universidad\Semestres\Quinto Semestre\Electiva I - Framework Web\ENTREGA FINAL\GESTION-ALQUILER-VEHICULOS\reservas\vistas_mvt.py changed, reloading.
Watching for file changes with StatReloader
C:\Users\Nlicolas\Documents\Universidad\Semestres\Quinto Semestre\Electiva I - Framework Web\ENTREGA FINAL\GESTION-ALQUILER-VEHICULOS\reservas\vistas_mvt.py changed, reloading.
Watching for file changes with StatReloader
[20/May/2026 09:48:02] "GET / HTTP/1.1" 200 10271
[20/May/2026 09:49:43] "GET / HTTP/1.1" 200 10271
[20/May/2026 09:49:43] "GET /static/css/app.css HTTP/1.1" 200 17302
[20/May/2026 09:49:43] "GET /static/js/app.js HTTP/1.1" 200 5600
Not Found: /favicon.ico
[20/May/2026 09:49:43] "GET /favicon.ico HTTP/1.1" 404 9274
[20/May/2026 09:49:44] "GET /login/ HTTP/1.1" 200 6062
[20/May/2026 09:49:44] "GET /register/ HTTP/1.1" 200 7387
[20/May/2026 09:49:44] "GET /login/ HTTP/1.1" 200 6062
[20/May/2026 09:49:45] "POST /login/ HTTP/1.1" 302 0
[20/May/2026 09:49:45] "GET /dashboard/ HTTP/1.1" 200 8880
[20/May/2026 09:49:45] "GET /api/graficos/estado-reservas/ HTTP/1.1" 200 374
[20/May/2026 09:49:45] "GET /api/graficos/top-vehiculos/ HTTP/1.1" 200 496
[20/May/2026 09:49:45] "GET /api/graficos/ingresos-mensuales/ HTTP/1.1" 200 404
[20/May/2026 09:49:45] "GET /api/graficos/estado-reservas/ HTTP/1.1" 200 374
[20/May/2026 09:49:45] "GET /api/graficos/top-vehiculos/ HTTP/1.1" 200 496
[20/May/2026 09:49:45] "GET /api/graficos/ingresos-mensuales/ HTTP/1.1" 200 404
[20/May/2026 09:49:45] "GET /api/reservas/reporte.pdf HTTP/1.1" 200 2180
[20/May/2026 09:49:45] "GET /admin/vehiculos/ HTTP/1.1" 200 11425
[20/May/2026 09:49:45] "GET /admin/vehiculos/?search=&estado=&categoria= HTTP/1.1" 200 11425
[20/May/2026 09:49:46] "GET /admin/tarifas/ HTTP/1.1" 200 8359
[20/May/2026 09:49:46] "GET /admin/reservas/ HTTP/1.1" 200 11817
[20/May/2026 09:49:46] "GET /admin/dashboard/ HTTP/1.1" 200 7998
[20/May/2026 09:49:46] "GET /api/graficos/top-vehiculos/ HTTP/1.1" 200 496
[20/May/2026 09:49:46] "GET /api/graficos/estado-reservas/ HTTP/1.1" 200 374
[20/May/2026 09:49:46] "GET /api/graficos/estado-reservas/ HTTP/1.1" 200 374
[20/May/2026 09:49:46] "GET /api/graficos/top-vehiculos/ HTTP/1.1" 200 496
[20/May/2026 09:49:46] "GET /api/graficos/ingresos-mensuales/ HTTP/1.1" 200 404
[20/May/2026 09:49:46] "GET /logout/ HTTP/1.1" 302 0
[20/May/2026 09:49:46] "GET /login/ HTTP/1.1" 200 6559
[20/May/2026 09:49:46] "GET /login/ HTTP/1.1" 200 6062
[20/May/2026 09:49:47] "POST /login/ HTTP/1.1" 302 0
[20/May/2026 09:49:47] "GET /dashboard/ HTTP/1.1" 200 8522
[20/May/2026 09:49:47] "GET /api/graficos/top-vehiculos/ HTTP/1.1" 200 496
[20/May/2026 09:49:47] "GET /api/graficos/estado-reservas/ HTTP/1.1" 200 374
[20/May/2026 09:49:47] "GET /api/graficos/ingresos-mensuales/ HTTP/1.1" 200 404
[20/May/2026 09:49:52] "GET /catalogo/ HTTP/1.1" 200 14228
[20/May/2026 09:49:53] "GET /reservar/ HTTP/1.1" 200 5981
[20/May/2026 09:50:05,439] - Broken pipe from ('127.0.0.1', 53460)
[20/May/2026 09:50:05,439] - Broken pipe from ('127.0.0.1', 52999)
[20/May/2026 09:50:05,440] - Broken pipe from ('127.0.0.1', 49678)
[20/May/2026 09:56:43] "GET /login/ HTTP/1.1" 200 6062
[20/May/2026 09:56:43] "GET /static/css/app.css HTTP/1.1" 200 17302
[20/May/2026 09:56:43] "GET /static/js/app.js HTTP/1.1" 200 5600
Not Found: /favicon.ico
[20/May/2026 09:56:44] "GET /favicon.ico HTTP/1.1" 404 9274
[20/May/2026 09:56:45] "POST /login/ HTTP/1.1" 302 0
[20/May/2026 09:56:45] "GET /dashboard/ HTTP/1.1" 200 8522
[20/May/2026 09:56:45] "GET /api/graficos/estado-reservas/ HTTP/1.1" 200 374
[20/May/2026 09:56:45] "GET /api/graficos/top-vehiculos/ HTTP/1.1" 200 496
[20/May/2026 09:56:45] "GET /api/graficos/ingresos-mensuales/ HTTP/1.1" 200 404
[20/May/2026 09:56:45] "GET /reservar/ HTTP/1.1" 200 5981
[20/May/2026 09:56:45,829] - Broken pipe from ('127.0.0.1', 63410)
[20/May/2026 09:56:45,831] - Broken pipe from ('127.0.0.1', 59100)
[20/May/2026 09:56:45,831] - Broken pipe from ('127.0.0.1', 60716)
[20/May/2026 09:57:55] "GET / HTTP/1.1" 200 10271
[20/May/2026 09:57:55] "GET /static/css/app.css HTTP/1.1" 200 17302
[20/May/2026 09:57:55] "GET /static/js/app.js HTTP/1.1" 200 5600
Not Found: /favicon.ico
[20/May/2026 09:57:56] "GET /favicon.ico HTTP/1.1" 404 9274
[20/May/2026 09:57:56] "GET /login/ HTTP/1.1" 200 6062
[20/May/2026 09:57:56] "GET /register/ HTTP/1.1" 200 7387
[20/May/2026 09:57:56] "GET /login/ HTTP/1.1" 200 6062
[20/May/2026 09:57:57] "POST /login/ HTTP/1.1" 302 0
[20/May/2026 09:57:57] "GET /dashboard/ HTTP/1.1" 200 8887
[20/May/2026 09:57:57] "GET /api/graficos/top-vehiculos/ HTTP/1.1" 200 529
[20/May/2026 09:57:57] "GET /api/graficos/estado-reservas/ HTTP/1.1" 200 374
[20/May/2026 09:57:57] "GET /api/graficos/ingresos-mensuales/ HTTP/1.1" 200 404
[20/May/2026 09:57:58] "GET /api/graficos/estado-reservas/ HTTP/1.1" 200 374
[20/May/2026 09:57:58] "GET /api/graficos/top-vehiculos/ HTTP/1.1" 200 529
[20/May/2026 09:57:58] "GET /api/graficos/ingresos-mensuales/ HTTP/1.1" 200 404
[20/May/2026 09:57:58] "GET /api/reservas/reporte.pdf HTTP/1.1" 200 2244
[20/May/2026 09:57:58] "GET /admin/vehiculos/ HTTP/1.1" 200 11425
[20/May/2026 09:57:58] "GET /admin/vehiculos/?search=&estado=&categoria= HTTP/1.1" 200 11425
[20/May/2026 09:57:58] "GET /admin/tarifas/ HTTP/1.1" 200 8359
[20/May/2026 09:57:58] "GET /admin/reservas/ HTTP/1.1" 200 13394
[20/May/2026 09:57:58] "GET /admin/dashboard/ HTTP/1.1" 200 7998
[20/May/2026 09:57:58] "GET /api/graficos/estado-reservas/ HTTP/1.1" 200 374
[20/May/2026 09:57:58] "GET /api/graficos/top-vehiculos/ HTTP/1.1" 200 529
[20/May/2026 09:57:58] "GET /api/graficos/estado-reservas/ HTTP/1.1" 200 374
[20/May/2026 09:57:58] "GET /api/graficos/top-vehiculos/ HTTP/1.1" 200 529
[20/May/2026 09:57:58] "GET /api/graficos/ingresos-mensuales/ HTTP/1.1" 200 404
[20/May/2026 09:57:58] "GET /logout/ HTTP/1.1" 302 0
[20/May/2026 09:57:58] "GET /login/ HTTP/1.1" 200 6559
[20/May/2026 09:57:58] "GET /login/ HTTP/1.1" 200 6062
[20/May/2026 09:57:59] "POST /login/ HTTP/1.1" 302 0
[20/May/2026 09:57:59] "GET /dashboard/ HTTP/1.1" 200 8529
[20/May/2026 09:57:59] "GET /api/graficos/estado-reservas/ HTTP/1.1" 200 374
[20/May/2026 09:57:59] "GET /api/graficos/top-vehiculos/ HTTP/1.1" 200 529
[20/May/2026 09:57:59] "GET /api/graficos/ingresos-mensuales/ HTTP/1.1" 200 404
[20/May/2026 09:57:59] "GET /catalogo/ HTTP/1.1" 200 14228
[20/May/2026 09:57:59] "GET /reservar/ HTTP/1.1" 200 5981
[20/May/2026 09:57:59] "POST /reservar/ HTTP/1.1" 302 0
[20/May/2026 09:58:00] "GET /mis-reservas/ HTTP/1.1" 200 8267
[20/May/2026 09:58:00] "GET /reservar/ HTTP/1.1" 200 5981
[20/May/2026 09:58:00] "POST /reservar/ HTTP/1.1" 200 6262
[20/May/2026 09:58:00,477] - Broken pipe from ('127.0.0.1', 56000)
[20/May/2026 09:58:00,479] - Broken pipe from ('127.0.0.1', 55538)
[20/May/2026 09:58:00,479] - Broken pipe from ('127.0.0.1', 52750)
[20/May/2026 09:59:01] "GET / HTTP/1.1" 200 10271
[20/May/2026 09:59:01] "GET /static/css/app.css HTTP/1.1" 200 17302
[20/May/2026 09:59:01] "GET /static/js/app.js HTTP/1.1" 200 5683
Not Found: /favicon.ico
[20/May/2026 09:59:02] "GET /favicon.ico HTTP/1.1" 404 9274
[20/May/2026 09:59:03] "GET /login/ HTTP/1.1" 200 6062
[20/May/2026 09:59:03] "GET /static/js/app.js HTTP/1.1" 200 5683
[20/May/2026 09:59:03] "GET /static/css/app.css HTTP/1.1" 200 17302
[20/May/2026 09:59:03] "GET /register/ HTTP/1.1" 200 7387
[20/May/2026 09:59:03] "GET /static/css/app.css HTTP/1.1" 200 17302
[20/May/2026 09:59:03] "GET /static/js/app.js HTTP/1.1" 200 5683
[20/May/2026 09:59:03] "GET /login/ HTTP/1.1" 200 6062
[20/May/2026 09:59:03] "GET /static/js/app.js HTTP/1.1" 200 5683
[20/May/2026 09:59:03] "GET /static/css/app.css HTTP/1.1" 200 17302
[20/May/2026 09:59:04] "POST /login/ HTTP/1.1" 302 0
[20/May/2026 09:59:04] "GET /dashboard/ HTTP/1.1" 200 8885
[20/May/2026 09:59:04] "GET /static/css/app.css HTTP/1.1" 200 17302
[20/May/2026 09:59:04] "GET /static/js/app.js HTTP/1.1" 200 5683
[20/May/2026 09:59:05] "GET /api/graficos/estado-reservas/ HTTP/1.1" 200 374
[20/May/2026 09:59:05] "GET /api/graficos/top-vehiculos/ HTTP/1.1" 200 529
[20/May/2026 09:59:05] "GET /api/graficos/ingresos-mensuales/ HTTP/1.1" 200 404
[20/May/2026 09:59:05] "GET /api/graficos/estado-reservas/ HTTP/1.1" 200 374
[20/May/2026 09:59:05] "GET /api/graficos/top-vehiculos/ HTTP/1.1" 200 529
[20/May/2026 09:59:05] "GET /api/graficos/ingresos-mensuales/ HTTP/1.1" 200 404
[20/May/2026 09:59:05] "GET /api/reservas/reporte.pdf HTTP/1.1" 200 2288
[20/May/2026 09:59:06] "GET /admin/vehiculos/ HTTP/1.1" 200 11425
[20/May/2026 09:59:06] "GET /static/js/app.js HTTP/1.1" 200 5683
[20/May/2026 09:59:06] "GET /static/css/app.css HTTP/1.1" 200 17302
[20/May/2026 09:59:06] "GET /admin/vehiculos/?search=&estado=&categoria= HTTP/1.1" 200 11425
[20/May/2026 09:59:06] "GET /static/js/app.js HTTP/1.1" 200 5683
[20/May/2026 09:59:06] "GET /static/css/app.css HTTP/1.1" 200 17302
[20/May/2026 09:59:06] "GET /admin/tarifas/ HTTP/1.1" 200 8359
[20/May/2026 09:59:06] "GET /static/js/app.js HTTP/1.1" 200 5683
[20/May/2026 09:59:06] "GET /static/css/app.css HTTP/1.1" 200 17302
[20/May/2026 09:59:06] "GET /admin/reservas/ HTTP/1.1" 200 14971
[20/May/2026 09:59:07] "GET /static/js/app.js HTTP/1.1" 200 5683
[20/May/2026 09:59:07] "GET /static/css/app.css HTTP/1.1" 200 17302
[20/May/2026 09:59:07] "GET /admin/dashboard/ HTTP/1.1" 200 7998
[20/May/2026 09:59:07] "GET /static/js/app.js HTTP/1.1" 200 5683
[20/May/2026 09:59:07] "GET /static/css/app.css HTTP/1.1" 200 17302
[20/May/2026 09:59:07] "GET /api/graficos/top-vehiculos/ HTTP/1.1" 200 529
[20/May/2026 09:59:07] "GET /api/graficos/estado-reservas/ HTTP/1.1" 200 374
[20/May/2026 09:59:07] "GET /api/graficos/top-vehiculos/ HTTP/1.1" 200 529
[20/May/2026 09:59:07] "GET /api/graficos/estado-reservas/ HTTP/1.1" 200 374
[20/May/2026 09:59:07] "GET /api/graficos/ingresos-mensuales/ HTTP/1.1" 200 404
[20/May/2026 09:59:07] "GET /logout/ HTTP/1.1" 302 0
[20/May/2026 09:59:07] "GET /login/ HTTP/1.1" 200 6559
[20/May/2026 09:59:07] "GET /static/js/app.js HTTP/1.1" 200 5683
[20/May/2026 09:59:07] "GET /static/css/app.css HTTP/1.1" 200 17302
[20/May/2026 09:59:07] "GET /login/ HTTP/1.1" 200 6062
[20/May/2026 09:59:07] "GET /static/css/app.css HTTP/1.1" 200 17302
[20/May/2026 09:59:07] "GET /static/js/app.js HTTP/1.1" 200 5683
[20/May/2026 09:59:08] "POST /login/ HTTP/1.1" 302 0
[20/May/2026 09:59:08] "GET /dashboard/ HTTP/1.1" 200 8527
[20/May/2026 09:59:08] "GET /static/js/app.js HTTP/1.1" 200 5683
[20/May/2026 09:59:08] "GET /static/css/app.css HTTP/1.1" 200 17302
[20/May/2026 09:59:09] "GET /api/graficos/estado-reservas/ HTTP/1.1" 200 374
[20/May/2026 09:59:09] "GET /api/graficos/top-vehiculos/ HTTP/1.1" 200 529
[20/May/2026 09:59:09] "GET /api/graficos/ingresos-mensuales/ HTTP/1.1" 200 404
[20/May/2026 09:59:09] "GET /catalogo/ HTTP/1.1" 200 14228
[20/May/2026 09:59:09] "GET /static/js/app.js HTTP/1.1" 200 5683
[20/May/2026 09:59:09] "GET /static/css/app.css HTTP/1.1" 200 17302
[20/May/2026 09:59:09] "GET /static/images/placeholder-vehicle.svg HTTP/1.1" 200 993
[20/May/2026 09:59:09] "GET /reservar/ HTTP/1.1" 200 5981
[20/May/2026 09:59:09] "GET /static/js/app.js HTTP/1.1" 200 5683
[20/May/2026 09:59:09] "GET /static/css/app.css HTTP/1.1" 200 17302
[20/May/2026 09:59:10] "POST /reservar/ HTTP/1.1" 302 0
[20/May/2026 09:59:10] "GET /mis-reservas/ HTTP/1.1" 200 8807
[20/May/2026 09:59:10] "GET /static/js/app.js HTTP/1.1" 200 5683
[20/May/2026 09:59:10] "GET /static/css/app.css HTTP/1.1" 200 17302
[20/May/2026 09:59:10] "GET /reservar/ HTTP/1.1" 200 5981
[20/May/2026 09:59:10] "GET /static/js/app.js HTTP/1.1" 200 5683
[20/May/2026 09:59:10] "GET /static/css/app.css HTTP/1.1" 200 17302
[20/May/2026 09:59:10] "POST /reservar/ HTTP/1.1" 200 6262
[20/May/2026 09:59:10] "GET /static/js/app.js HTTP/1.1" 200 5683
[20/May/2026 09:59:10] "GET /static/css/app.css HTTP/1.1" 200 17302
[20/May/2026 09:59:11,183] - Broken pipe from ('127.0.0.1', 49690)
[20/May/2026 09:59:11,183] - Broken pipe from ('127.0.0.1', 54834)
[20/May/2026 09:59:11,183] - Broken pipe from ('127.0.0.1', 62082)
[20/May/2026 09:59:11,184] - Broken pipe from ('127.0.0.1', 64151)
[20/May/2026 09:59:11,184] - Broken pipe from ('127.0.0.1', 57379)
[20/May/2026 10:02:07] "GET / HTTP/1.1" 200 10271
[20/May/2026 10:02:07] "GET /static/css/app.css HTTP/1.1" 304 0
[20/May/2026 10:02:07] "GET /static/js/app.js HTTP/1.1" 200 5683
C:\Users\Nlicolas\Documents\Universidad\Semestres\Quinto Semestre\Electiva I - Framework Web\ENTREGA FINAL\GESTION-ALQUILER-VEHICULOS\project\forms.py changed, reloading.
Watching for file changes with StatReloader
C:\Users\Nlicolas\Documents\Universidad\Semestres\Quinto Semestre\Electiva I - Framework Web\ENTREGA FINAL\GESTION-ALQUILER-VEHICULOS\reservas\models.py changed, reloading.
Watching for file changes with StatReloader
C:\Users\Nlicolas\Documents\Universidad\Semestres\Quinto Semestre\Electiva I - Framework Web\ENTREGA FINAL\GESTION-ALQUILER-VEHICULOS\reservas\vistas_mvt.py changed, reloading.
Watching for file changes with StatReloader
C:\Users\Nlicolas\Documents\Universidad\Semestres\Quinto Semestre\Electiva I - Framework Web\ENTREGA FINAL\GESTION-ALQUILER-VEHICULOS\reservas\mvt_urls.py changed, reloading.
Watching for file changes with StatReloader
[20/May/2026 10:10:15] "GET /login/ HTTP/1.1" 200 6062
[20/May/2026 10:10:15] "GET /static/css/app.css HTTP/1.1" 304 0
[20/May/2026 10:10:15] "GET /static/js/app.js HTTP/1.1" 304 0
[20/May/2026 10:10:17] "GET /register/ HTTP/1.1" 200 7387
C:\Users\Nlicolas\Documents\Universidad\Semestres\Quinto Semestre\Electiva I - Framework Web\ENTREGA FINAL\GESTION-ALQUILER-VEHICULOS\reservas\vistas_mvt.py changed, reloading.
Watching for file changes with StatReloader
C:\Users\Nlicolas\Documents\Universidad\Semestres\Quinto Semestre\Electiva I - Framework Web\ENTREGA FINAL\GESTION-ALQUILER-VEHICULOS\reservas\views.py changed, reloading.
Watching for file changes with StatReloader
C:\Users\Nlicolas\Documents\Universidad\Semestres\Quinto Semestre\Electiva I - Framework Web\ENTREGA FINAL\GESTION-ALQUILER-VEHICULOS\reservas\views.py changed, reloading.
Watching for file changes with StatReloader
C:\Users\Nlicolas\Documents\Universidad\Semestres\Quinto Semestre\Electiva I - Framework Web\ENTREGA FINAL\GESTION-ALQUILER-VEHICULOS\project\ui_views.py changed, reloading.
Watching for file changes with StatReloader
[20/May/2026 10:12:08] "POST /register/ HTTP/1.1" 302 0
[20/May/2026 10:12:08] "GET /dashboard/ HTTP/1.1" 200 7975
[20/May/2026 10:12:08] "GET /static/js/app.js HTTP/1.1" 304 0
[20/May/2026 10:12:08] "GET /api/graficos/estado-reservas/ HTTP/1.1" 200 102
[20/May/2026 10:12:08] "GET /api/graficos/ingresos-mensuales/ HTTP/1.1" 200 399
[20/May/2026 10:12:08] "GET /api/graficos/top-vehiculos/ HTTP/1.1" 200 391
C:\Users\Nlicolas\Documents\Universidad\Semestres\Quinto Semestre\Electiva I - Framework Web\ENTREGA FINAL\GESTION-ALQUILER-VEHICULOS\project\ui_views.py changed, reloading.
Watching for file changes with StatReloader
C:\Users\Nlicolas\Documents\Universidad\Semestres\Quinto Semestre\Electiva I - Framework Web\ENTREGA FINAL\GESTION-ALQUILER-VEHICULOS\project\ui_views.py changed, reloading.
Watching for file changes with StatReloader
C:\Users\Nlicolas\Documents\Universidad\Semestres\Quinto Semestre\Electiva I - Framework Web\ENTREGA FINAL\GESTION-ALQUILER-VEHICULOS\reservas\models.py changed, reloading.
Watching for file changes with StatReloader
C:\Users\Nlicolas\Documents\Universidad\Semestres\Quinto Semestre\Electiva I - Framework Web\ENTREGA FINAL\GESTION-ALQUILER-VEHICULOS\project\forms.py changed, reloading.
Watching for file changes with StatReloader
C:\Users\Nlicolas\Documents\Universidad\Semestres\Quinto Semestre\Electiva I - Framework Web\ENTREGA FINAL\GESTION-ALQUILER-VEHICULOS\reservas\vistas_mvt.py changed, reloading.
Watching for file changes with StatReloader
C:\Users\Nlicolas\Documents\Universidad\Semestres\Quinto Semestre\Electiva I - Framework Web\ENTREGA FINAL\GESTION-ALQUILER-VEHICULOS\project\ui_views.py changed, reloading.
Watching for file changes with StatReloader
C:\Users\Nlicolas\Documents\Universidad\Semestres\Quinto Semestre\Electiva I - Framework Web\ENTREGA FINAL\GESTION-ALQUILER-VEHICULOS\project\ui_views.py changed, reloading.
Watching for file changes with StatReloader
C:\Users\Nlicolas\Documents\Universidad\Semestres\Quinto Semestre\Electiva I - Framework Web\ENTREGA FINAL\GESTION-ALQUILER-VEHICULOS\project\ui_views.py changed, reloading.
Watching for file changes with StatReloader
C:\Users\Nlicolas\Documents\Universidad\Semestres\Quinto Semestre\Electiva I - Framework Web\ENTREGA FINAL\GESTION-ALQUILER-VEHICULOS\project\ui_views.py changed, reloading.
Watching for file changes with StatReloader
C:\Users\Nlicolas\Documents\Universidad\Semestres\Quinto Semestre\Electiva I - Framework Web\ENTREGA FINAL\GESTION-ALQUILER-VEHICULOS\project\ui_views.py changed, reloading.
Watching for file changes with StatReloader
